# JRE version: Java(TM) SE Runtime Environment (8.0_40-b20) (build 1.8.0_40-ea-b20)
# Java VM: Java HotSpot(TM) 64-Bit Server VM (25.40-b23 mixed mode bsd-amd64 compressed oops)
Heap:
 PSYoungGen      total 21504K, used 11808K [0x000000014b300000, 0x000000014d700000, 0x0000000160800000)
  eden space 15872K, 63% used [0x000000014b300000,0x000000014bce8320,0x000000014c280000)
  from space 5632K, 29% used [0x000000014c880000,0x000000014ca20030,0x000000014ce00000)
  to   space 6144K, 0% used [0x000000014c280000,0x000000014c280000,0x000000014c880000)
 ParOldGen       total 33280K, used 6239K [0x0000000120800000, 0x0000000122880000, 0x000000014b300000)
  object space 33280K, 18% used [0x0000000120800000,0x0000000120e17fb8,0x0000000122880000)
 Metaspace       used 23672K, capacity 24864K, committed 25088K, reserved 1071104K
  class space    used 3276K, capacity 3564K, committed 3584K, reserved 1048576K
GC Heap History (10 events):
Event: 6.664 GC heap before
{Heap before GC invocations=3 (full 0):
 PSYoungGen      total 18944K, used 18929K [0x000000014b300000, 0x000000014c800000, 0x0000000160800000)
  eden space 16384K, 100% used [0x000000014b300000,0x000000014c300000,0x000000014c300000)
  from space 2560K, 99% used [0x000000014c580000,0x000000014c7fc490,0x000000014c800000)
  to   space 2560K, 0% used [0x000000014c300000,0x000000014c300000,0x000000014c580000)
 ParOldGen       total 44032K, used 3619K [0x0000000120800000, 0x0000000123300000, 0x000000014b300000)
  object space 44032K, 8% used [0x0000000120800000,0x0000000120b88c48,0x0000000123300000)
 Metaspace       used 14243K, capacity 14594K, committed 14848K, reserved 1062912K
  class space    used 1657K, capacity 1783K, committed 1792K, reserved 1048576K
Event: 6.668 GC heap after
Heap after GC invocations=3 (full 0):
 PSYoungGen      total 18944K, used 2545K [0x000000014b300000, 0x000000014c800000, 0x0000000160800000)
  eden space 16384K, 0% used [0x000000014b300000,0x000000014b300000,0x000000014c300000)
  from space 2560K, 99% used [0x000000014c300000,0x000000014c57c6b0,0x000000014c580000)
  to   space 2560K, 0% used [0x000000014c580000,0x000000014c580000,0x000000014c800000)
 ParOldGen       total 44032K, used 3984K [0x0000000120800000, 0x0000000123300000, 0x000000014b300000)
  object space 44032K, 9% used [0x0000000120800000,0x0000000120be42f8,0x0000000123300000)
 Metaspace       used 14243K, capacity 14594K, committed 14848K, reserved 1062912K
  class space    used 1657K, capacity 1783K, committed 1792K, reserved 1048576K
}
Event: 7.252 GC heap before
{Heap before GC invocations=4 (full 0):
 PSYoungGen      total 18944K, used 18929K [0x000000014b300000, 0x000000014c800000, 0x0000000160800000)
  eden space 16384K, 100% used [0x000000014b300000,0x000000014c300000,0x000000014c300000)
  from space 2560K, 99% used [0x000000014c300000,0x000000014c57c6b0,0x000000014c580000)
  to   space 2560K, 0% used [0x000000014c580000,0x000000014c580000,0x000000014c800000)
 ParOldGen       total 44032K, used 3984K [0x0000000120800000, 0x0000000123300000, 0x000000014b300000)
  object space 44032K, 9% used [0x0000000120800000,0x0000000120be42f8,0x0000000123300000)
 Metaspace       used 16420K, capacity 16898K, committed 17152K, reserved 1064960K
  class space    used 2053K, capacity 2181K, committed 2304K, reserved 1048576K
Event: 7.258 GC heap after
Heap after GC invocations=4 (full 0):
 PSYoungGen      total 18944K, used 2544K [0x000000014b300000, 0x000000014c800000, 0x0000000160800000)
  eden space 16384K, 0% used [0x000000014b300000,0x000000014b300000,0x000000014c300000)
  from space 2560K, 99% used [0x000000014c580000,0x000000014c7fc2f0,0x000000014c800000)
  to   space 2560K, 0% used [0x000000014c300000,0x000000014c300000,0x000000014c580000)
 ParOldGen       total 44032K, used 5145K [0x0000000120800000, 0x0000000123300000, 0x000000014b300000)
  object space 44032K, 11% used [0x0000000120800000,0x0000000120d06528,0x0000000123300000)
 Metaspace       used 16420K, capacity 16898K, committed 17152K, reserved 1064960K
  class space    used 2053K, capacity 2181K, committed 2304K, reserved 1048576K
}
Event: 8.008 GC heap before
{Heap before GC invocations=5 (full 0):
 PSYoungGen      total 18944K, used 17802K [0x000000014b300000, 0x000000014c800000, 0x0000000160800000)
  eden space 16384K, 93% used [0x000000014b300000,0x000000014c1e6670,0x000000014c300000)
  from space 2560K, 99% used [0x000000014c580000,0x000000014c7fc2f0,0x000000014c800000)
  to   space 2560K, 0% used [0x000000014c300000,0x000000014c300000,0x000000014c580000)
 ParOldGen       total 44032K, used 5145K [0x0000000120800000, 0x0000000123300000, 0x000000014b300000)
  object space 44032K, 11% used [0x0000000120800000,0x0000000120d06528,0x0000000123300000)
 Metaspace       used 20298K, capacity 21112K, committed 21248K, reserved 1067008K
  class space    used 2783K, capacity 2982K, committed 3072K, reserved 1048576K
Event: 8.015 GC heap after
Heap after GC invocations=5 (full 0):
 PSYoungGen      total 18944K, used 2544K [0x000000014b300000, 0x000000014ce00000, 0x0000000160800000)
  eden space 16384K, 0% used [0x000000014b300000,0x000000014b300000,0x000000014c300000)
  from space 2560K, 99% used [0x000000014c300000,0x000000014c57c230,0x000000014c580000)
  to   space 5632K, 0% used [0x000000014c880000,0x000000014c880000,0x000000014ce00000)
 ParOldGen       total 44032K, used 6623K [0x0000000120800000, 0x0000000123300000, 0x000000014b300000)
  object space 44032K, 15% used [0x0000000120800000,0x0000000120e77de8,0x0000000123300000)
 Metaspace       used 20298K, capacity 21112K, committed 21248K, reserved 1067008K
  class space    used 2783K, capacity 2982K, committed 3072K, reserved 1048576K
}
Event: 8.015 GC heap before
{Heap before GC invocations=6 (full 1):
 PSYoungGen      total 18944K, used 2544K [0x000000014b300000, 0x000000014ce00000, 0x0000000160800000)
  eden space 16384K, 0% used [0x000000014b300000,0x000000014b300000,0x000000014c300000)
  from space 2560K, 99% used [0x000000014c300000,0x000000014c57c230,0x000000014c580000)
  to   space 5632K, 0% used [0x000000014c880000,0x000000014c880000,0x000000014ce00000)
 ParOldGen       total 44032K, used 6623K [0x0000000120800000, 0x0000000123300000, 0x000000014b300000)
  object space 44032K, 15% used [0x0000000120800000,0x0000000120e77de8,0x0000000123300000)
 Metaspace       used 20298K, capacity 21112K, committed 21248K, reserved 1067008K
  class space    used 2783K, capacity 2982K, committed 3072K, reserved 1048576K
Event: 8.059 GC heap after
Heap after GC invocations=6 (full 1):
 PSYoungGen      total 18944K, used 0K [0x000000014b300000, 0x000000014ce00000, 0x0000000160800000)
  eden space 16384K, 0% used [0x000000014b300000,0x000000014b300000,0x000000014c300000)
  from space 2560K, 0% used [0x000000014c300000,0x000000014c300000,0x000000014c580000)
  to   space 5632K, 0% used [0x000000014c880000,0x000000014c880000,0x000000014ce00000)
 ParOldGen       total 33280K, used 6231K [0x0000000120800000, 0x0000000122880000, 0x000000014b300000)
  object space 33280K, 18% used [0x0000000120800000,0x0000000120e15fb8,0x0000000122880000)
 Metaspace       used 20298K, capacity 21112K, committed 21248K, reserved 1067008K
  class space    used 2783K, capacity 2982K, committed 3072K, reserved 1048576K
}
Event: 12.556 GC heap before
{Heap before GC invocations=7 (full 1):
 PSYoungGen      total 18944K, used 16384K [0x000000014b300000, 0x000000014ce00000, 0x0000000160800000)
  eden space 16384K, 100% used [0x000000014b300000,0x000000014c300000,0x000000014c300000)
  from space 2560K, 0% used [0x000000014c300000,0x000000014c300000,0x000000014c580000)
  to   space 5632K, 0% used [0x000000014c880000,0x000000014c880000,0x000000014ce00000)
 ParOldGen       total 33280K, used 6231K [0x0000000120800000, 0x0000000122880000, 0x000000014b300000)
  object space 33280K, 18% used [0x0000000120800000,0x0000000120e15fb8,0x0000000122880000)
 Metaspace       used 22608K, capacity 23772K, committed 23936K, reserved 1069056K
  class space    used 3167K, capacity 3390K, committed 3456K, reserved 1048576K
Event: 12.560 GC heap after
Heap after GC invocations=7 (full 1):
 PSYoungGen      total 21504K, used 1664K [0x000000014b300000, 0x000000014d700000, 0x0000000160800000)
  eden space 15872K, 0% used [0x000000014b300000,0x000000014b300000,0x000000014c280000)
  from space 5632K, 29% used [0x000000014c880000,0x000000014ca20030,0x000000014ce00000)
  to   space 6144K, 0% used [0x000000014c280000,0x000000014c280000,0x000000014c880000)
 ParOldGen       total 33280K, used 6239K [0x0000000120800000, 0x0000000122880000, 0x000000014b300000)
  object space 33280K, 18% used [0x0000000120800000,0x0000000120e17fb8,0x0000000122880000)
 Metaspace       used 22608K, capacity 23772K, committed 23936K, reserved 1069056K
  class space    used 3167K, capacity 3390K, committed 3456K, reserved 1048576K
}

