# JRE version: Java(TM) SE Runtime Environment (8.0_40-b20) (build 1.8.0_40-ea-b20)
# Java VM: Java HotSpot(TM) 64-Bit Server VM (25.40-b23 mixed mode bsd-amd64 compressed oops)
Heap:
 PSYoungGen      total 22016K, used 9199K [0x00000007aab00000, 0x00000007ace00000, 0x00000007c0000000)
  eden space 16384K, 31% used [0x00000007aab00000,0x00000007aaffebd0,0x00000007abb00000)
  from space 5632K, 72% used [0x00000007ac080000,0x00000007ac47d150,0x00000007ac600000)
  to   space 5632K, 0% used [0x00000007abb00000,0x00000007abb00000,0x00000007ac080000)
 ParOldGen       total 33280K, used 8321K [0x0000000780000000, 0x0000000782080000, 0x00000007aab00000)
  object space 33280K, 25% used [0x0000000780000000,0x0000000780820610,0x0000000782080000)
 Metaspace       used 23520K, capacity 24564K, committed 24704K, reserved 1071104K
  class space    used 3210K, capacity 3456K, committed 3456K, reserved 1048576K
GC Heap History (10 events):
Event: 5.546 GC heap before
{Heap before GC invocations=3 (full 0):
 PSYoungGen      total 18944K, used 18928K [0x00000007aab00000, 0x00000007ac000000, 0x00000007c0000000)
  eden space 16384K, 100% used [0x00000007aab00000,0x00000007abb00000,0x00000007abb00000)
  from space 2560K, 99% used [0x00000007abd80000,0x00000007abffc030,0x00000007ac000000)
  to   space 2560K, 0% used [0x00000007abb00000,0x00000007abb00000,0x00000007abd80000)
 ParOldGen       total 44032K, used 3681K [0x0000000780000000, 0x0000000782b00000, 0x00000007aab00000)
  object space 44032K, 8% used [0x0000000780000000,0x00000007803986d8,0x0000000782b00000)
 Metaspace       used 14160K, capacity 14544K, committed 14848K, reserved 1062912K
  class space    used 1650K, capacity 1748K, committed 1792K, reserved 1048576K
Event: 5.550 GC heap after
Heap after GC invocations=3 (full 0):
 PSYoungGen      total 18944K, used 2544K [0x00000007aab00000, 0x00000007ac000000, 0x00000007c0000000)
  eden space 16384K, 0% used [0x00000007aab00000,0x00000007aab00000,0x00000007abb00000)
  from space 2560K, 99% used [0x00000007abb00000,0x00000007abd7c250,0x00000007abd80000)
  to   space 2560K, 0% used [0x00000007abd80000,0x00000007abd80000,0x00000007ac000000)
 ParOldGen       total 44032K, used 4035K [0x0000000780000000, 0x0000000782b00000, 0x00000007aab00000)
  object space 44032K, 9% used [0x0000000780000000,0x00000007803f0dc8,0x0000000782b00000)
 Metaspace       used 14160K, capacity 14544K, committed 14848K, reserved 1062912K
  class space    used 1650K, capacity 1748K, committed 1792K, reserved 1048576K
}
Event: 6.121 GC heap before
{Heap before GC invocations=4 (full 0):
 PSYoungGen      total 18944K, used 18885K [0x00000007aab00000, 0x00000007ac000000, 0x00000007c0000000)
  eden space 16384K, 99% used [0x00000007aab00000,0x00000007abaf54b0,0x00000007abb00000)
  from space 2560K, 99% used [0x00000007abb00000,0x00000007abd7c250,0x00000007abd80000)
  to   space 2560K, 0% used [0x00000007abd80000,0x00000007abd80000,0x00000007ac000000)
 ParOldGen       total 44032K, used 4035K [0x0000000780000000, 0x0000000782b00000, 0x00000007aab00000)
  object space 44032K, 9% used [0x0000000780000000,0x00000007803f0dc8,0x0000000782b00000)
 Metaspace       used 16376K, capacity 16900K, committed 17152K, reserved 1064960K
  class space    used 2055K, capacity 2182K, committed 2304K, reserved 1048576K
Event: 6.129 GC heap after
Heap after GC invocations=4 (full 0):
 PSYoungGen      total 18944K, used 2529K [0x00000007aab00000, 0x00000007ac000000, 0x00000007c0000000)
  eden space 16384K, 0% used [0x00000007aab00000,0x00000007aab00000,0x00000007abb00000)
  from space 2560K, 98% used [0x00000007abd80000,0x00000007abff8540,0x00000007ac000000)
  to   space 2560K, 0% used [0x00000007abb00000,0x00000007abb00000,0x00000007abd80000)
 ParOldGen       total 44032K, used 5208K [0x0000000780000000, 0x0000000782b00000, 0x00000007aab00000)
  object space 44032K, 11% used [0x0000000780000000,0x00000007805161d0,0x0000000782b00000)
 Metaspace       used 16376K, capacity 16900K, committed 17152K, reserved 1064960K
  class space    used 2055K, capacity 2182K, committed 2304K, reserved 1048576K
}
Event: 6.912 GC heap before
{Heap before GC invocations=5 (full 0):
 PSYoungGen      total 18944K, used 17940K [0x00000007aab00000, 0x00000007ac000000, 0x00000007c0000000)
  eden space 16384K, 94% used [0x00000007aab00000,0x00000007aba0cdb8,0x00000007abb00000)
  from space 2560K, 98% used [0x00000007abd80000,0x00000007abff8540,0x00000007ac000000)
  to   space 2560K, 0% used [0x00000007abb00000,0x00000007abb00000,0x00000007abd80000)
 ParOldGen       total 44032K, used 5208K [0x0000000780000000, 0x0000000782b00000, 0x00000007aab00000)
  object space 44032K, 11% used [0x0000000780000000,0x00000007805161d0,0x0000000782b00000)
 Metaspace       used 20244K, capacity 21094K, committed 21248K, reserved 1067008K
  class space    used 2771K, capacity 2951K, committed 3072K, reserved 1048576K
Event: 6.920 GC heap after
Heap after GC invocations=5 (full 0):
 PSYoungGen      total 18944K, used 2528K [0x00000007aab00000, 0x00000007ac600000, 0x00000007c0000000)
  eden space 16384K, 0% used [0x00000007aab00000,0x00000007aab00000,0x00000007abb00000)
  from space 2560K, 98% used [0x00000007abb00000,0x00000007abd78240,0x00000007abd80000)
  to   space 5632K, 0% used [0x00000007ac080000,0x00000007ac080000,0x00000007ac600000)
 ParOldGen       total 44032K, used 6702K [0x0000000780000000, 0x0000000782b00000, 0x00000007aab00000)
  object space 44032K, 15% used [0x0000000780000000,0x000000078068bab0,0x0000000782b00000)
 Metaspace       used 20244K, capacity 21094K, committed 21248K, reserved 1067008K
  class space    used 2771K, capacity 2951K, committed 3072K, reserved 1048576K
}
Event: 6.920 GC heap before
{Heap before GC invocations=6 (full 1):
 PSYoungGen      total 18944K, used 2528K [0x00000007aab00000, 0x00000007ac600000, 0x00000007c0000000)
  eden space 16384K, 0% used [0x00000007aab00000,0x00000007aab00000,0x00000007abb00000)
  from space 2560K, 98% used [0x00000007abb00000,0x00000007abd78240,0x00000007abd80000)
  to   space 5632K, 0% used [0x00000007ac080000,0x00000007ac080000,0x00000007ac600000)
 ParOldGen       total 44032K, used 6702K [0x0000000780000000, 0x0000000782b00000, 0x00000007aab00000)
  object space 44032K, 15% used [0x0000000780000000,0x000000078068bab0,0x0000000782b00000)
 Metaspace       used 20244K, capacity 21094K, committed 21248K, reserved 1067008K
  class space    used 2771K, capacity 2951K, committed 3072K, reserved 1048576K
Event: 6.963 GC heap after
Heap after GC invocations=6 (full 1):
 PSYoungGen      total 18944K, used 0K [0x00000007aab00000, 0x00000007ac600000, 0x00000007c0000000)
  eden space 16384K, 0% used [0x00000007aab00000,0x00000007aab00000,0x00000007abb00000)
  from space 2560K, 0% used [0x00000007abb00000,0x00000007abb00000,0x00000007abd80000)
  to   space 5632K, 0% used [0x00000007ac080000,0x00000007ac080000,0x00000007ac600000)
 ParOldGen       total 33280K, used 6265K [0x0000000780000000, 0x0000000782080000, 0x00000007aab00000)
  object space 33280K, 18% used [0x0000000780000000,0x000000078061e600,0x0000000782080000)
 Metaspace       used 20244K, capacity 21094K, committed 21248K, reserved 1067008K
  class space    used 2771K, capacity 2951K, committed 3072K, reserved 1048576K
}
Event: 10.489 GC heap before
{Heap before GC invocations=7 (full 1):
 PSYoungGen      total 18944K, used 16384K [0x00000007aab00000, 0x00000007ac600000, 0x00000007c0000000)
  eden space 16384K, 100% used [0x00000007aab00000,0x00000007abb00000,0x00000007abb00000)
  from space 2560K, 0% used [0x00000007abb00000,0x00000007abb00000,0x00000007abd80000)
  to   space 5632K, 0% used [0x00000007ac080000,0x00000007ac080000,0x00000007ac600000)
 ParOldGen       total 33280K, used 6265K [0x0000000780000000, 0x0000000782080000, 0x00000007aab00000)
  object space 33280K, 18% used [0x0000000780000000,0x000000078061e600,0x0000000782080000)
 Metaspace       used 22736K, capacity 23758K, committed 23936K, reserved 1069056K
  class space    used 3171K, capacity 3415K, committed 3456K, reserved 1048576K
Event: 10.496 GC heap after
Heap after GC invocations=7 (full 1):
 PSYoungGen      total 22016K, used 4084K [0x00000007aab00000, 0x00000007ace00000, 0x00000007c0000000)
  eden space 16384K, 0% used [0x00000007aab00000,0x00000007aab00000,0x00000007abb00000)
  from space 5632K, 72% used [0x00000007ac080000,0x00000007ac47d150,0x00000007ac600000)
  to   space 5632K, 0% used [0x00000007abb00000,0x00000007abb00000,0x00000007ac080000)
 ParOldGen       total 33280K, used 8321K [0x0000000780000000, 0x0000000782080000, 0x00000007aab00000)
  object space 33280K, 25% used [0x0000000780000000,0x0000000780820610,0x0000000782080000)
 Metaspace       used 22736K, capacity 23758K, committed 23936K, reserved 1069056K
  class space    used 3171K, capacity 3415K, committed 3456K, reserved 1048576K
}

